0 info it worked if it ends with ok
1 verbose cli [ 'C:\\Program Files\\nodejs\\node.exe',
1 verbose cli   'C:\\Program Files\\nodejs\\node_modules\\npm\\bin\\npm-cli.js',
1 verbose cli   'run',
1 verbose cli   'lite' ]
2 info using npm@3.7.3
3 info using node@v5.9.0
4 verbose run-script [ 'prelite', 'lite', 'postlite' ]
5 info lifecycle angular2-inputoutput@1.0.0~prelite: angular2-inputoutput@1.0.0
6 silly lifecycle angular2-inputoutput@1.0.0~prelite: no script for prelite, continuing
7 info lifecycle angular2-inputoutput@1.0.0~lite: angular2-inputoutput@1.0.0
8 verbose lifecycle angular2-inputoutput@1.0.0~lite: unsafe-perm in lifecycle true
9 verbose lifecycle angular2-inputoutput@1.0.0~lite: PATH: C:\Program Files\nodejs\node_modules\npm\bin\node-gyp-bin;C:\xampp\htdocs\angular2-inputoutput\node_modules\.bin;C:\Program Files\nodejs;C:\Program Files\nodejs\node_modules\npm\bin\node-gyp-bin;C:\xampp\htdocs\angular2-inputoutput\node_modules\.bin;C:\Program Files\nodejs;C:\Program Files\ImageMagick-6.9.2-Q16;C:\oraclexe\app\oracle\product\11.2.0\server\bin;C:\ProgramData\Oracle\Java\javapath;C:\Program Files (x86)\Intel\iCLS Client\;C:\Program Files\Intel\iCLS Client\;C:\Windows\system32;C:\Windows;C:\Windows\System32\Wbem;C:\Windows\System32\WindowsPowerShell\v1.0\;C:\Program Files\Intel\Intel(R) Management Engine Components\DAL;C:\Program Files (x86)\Intel\Intel(R) Management Engine Components\DAL;C:\Program Files\Intel\Intel(R) Management Engine Components\IPT;C:\Program Files (x86)\Intel\Intel(R) Management Engine Components\IPT;C:\Strawberry\c\bin;C:\Strawberry\perl\site\bin;C:\Strawberry\perl\bin;C:\Program Files (x86)\NVIDIA Corporation\PhysX\Common;C:\Program Files\OpenSSH\bin;C:\Program Files\Sublime Text 3;C:\Ruby22-x64;C:\xampp\php;C:\ProgramData\ComposerSetup\bin;C:\Users\Finzaiko\AppData\Roaming\npm;C:\WINDOWS\system32;C:\WINDOWS;C:\WINDOWS\System32\Wbem;C:\WINDOWS\System32\WindowsPowerShell\v1.0\;C:\Program Files\Java\jdk1.7.0_79\bin;C:\Go\bin;C:\Program Files\Git\cmd;C:\Program Files\Git\mingw64\bin;C:\Program Files\Git\usr\bin;C:\Program Files\nodejs\;C:\xampp\phalcon-devtools\;C:\Program Files\Git\usr\bin;C:\Users\Finzaiko\bin\Sencha\Cmd\6.0.1.76/..;C:\Ruby22-x64\bin;C:\Users\Finzaiko\AppData\Local\atom\bin;C:\Users\Finzaiko\AppData\Roaming\npm;C:\Program Files (x86)\Microsoft VS Code\bin
10 verbose lifecycle angular2-inputoutput@1.0.0~lite: CWD: C:\xampp\htdocs\angular2-inputoutput
11 silly lifecycle angular2-inputoutput@1.0.0~lite: Args: [ '/d /s /c', 'lite-server' ]
12 silly lifecycle angular2-inputoutput@1.0.0~lite: Returned: code: 1  signal: null
13 info lifecycle angular2-inputoutput@1.0.0~lite: Failed to exec lite script
14 verbose stack Error: angular2-inputoutput@1.0.0 lite: `lite-server`
14 verbose stack Exit status 1
14 verbose stack     at EventEmitter.<anonymous> (C:\Program Files\nodejs\node_modules\npm\lib\utils\lifecycle.js:239:16)
14 verbose stack     at emitTwo (events.js:100:13)
14 verbose stack     at EventEmitter.emit (events.js:185:7)
14 verbose stack     at ChildProcess.<anonymous> (C:\Program Files\nodejs\node_modules\npm\lib\utils\spawn.js:24:14)
14 verbose stack     at emitTwo (events.js:100:13)
14 verbose stack     at ChildProcess.emit (events.js:185:7)
14 verbose stack     at maybeClose (internal/child_process.js:850:16)
14 verbose stack     at Process.ChildProcess._handle.onexit (internal/child_process.js:215:5)
15 verbose pkgid angular2-inputoutput@1.0.0
16 verbose cwd C:\xampp\htdocs\angular2-inputoutput
17 error Windows_NT 10.0.10586
18 error argv "C:\\Program Files\\nodejs\\node.exe" "C:\\Program Files\\nodejs\\node_modules\\npm\\bin\\npm-cli.js" "run" "lite"
19 error node v5.9.0
20 error npm  v3.7.3
21 error code ELIFECYCLE
22 error angular2-inputoutput@1.0.0 lite: `lite-server`
22 error Exit status 1
23 error Failed at the angular2-inputoutput@1.0.0 lite script 'lite-server'.
23 error Make sure you have the latest version of node.js and npm installed.
23 error If you do, this is most likely a problem with the angular2-inputoutput package,
23 error not with npm itself.
23 error Tell the author that this fails on your system:
23 error     lite-server
23 error You can get information on how to open an issue for this project with:
23 error     npm bugs angular2-inputoutput
23 error Or if that isn't available, you can get their info via:
23 error     npm owner ls angular2-inputoutput
23 error There is likely additional logging output above.
24 verbose exit [ 1, true ]
